0 info it worked if it ends with ok
1 verbose cli [ '/usr/local/bin/node',
1 verbose cli   '/usr/local/bin/npm',
1 verbose cli   'rebuild',
1 verbose cli   'node-sass' ]
2 info using npm@3.10.3
3 info using node@v6.6.0
4 info readInstalled object
5 verbose rebuild path, id [ '/Users/sacmac/github/sac/talks/datmeetup/node_modules/grunt-sass/node_modules/node-sass',
5 verbose rebuild   'node-sass@3.4.2' ]
6 silly rebuild set [ '/Users/sacmac/github/sac/talks/datmeetup/node_modules/grunt-sass/node_modules/node-sass' ]
7 info build /Users/sacmac/github/sac/talks/datmeetup/node_modules/grunt-sass/node_modules/node-sass
8 info lifecycle node-sass@3.4.2~preinstall: node-sass@3.4.2
9 silly lifecycle node-sass@3.4.2~preinstall: no script for preinstall, continuing
10 info linkStuff node-sass@3.4.2
11 silly linkStuff node-sass@3.4.2 has /Users/sacmac/github/sac/talks/datmeetup/node_modules/grunt-sass/node_modules as its parent node_modules
12 verbose linkBins node-sass@3.4.2
13 verbose link bins [ { 'node-sass': 'bin/node-sass' },
13 verbose link bins   '/Users/sacmac/github/sac/talks/datmeetup/node_modules/grunt-sass/node_modules/.bin',
13 verbose link bins   false ]
14 verbose linkMans node-sass@3.4.2
15 verbose rebuildBundles node-sass@3.4.2
16 info lifecycle node-sass@3.4.2~install: node-sass@3.4.2
17 verbose lifecycle node-sass@3.4.2~install: unsafe-perm in lifecycle true
18 verbose lifecycle node-sass@3.4.2~install: PATH: /usr/local/lib/node_modules/npm/bin/node-gyp-bin:/Users/sacmac/github/sac/talks/datmeetup/node_modules/grunt-sass/node_modules/node-sass/node_modules/.bin:/Users/sacmac/github/sac/talks/datmeetup/node_modules/grunt-sass/node_modules/.bin:/Users/sacmac/github/sac/talks/datmeetup/node_modules/.bin:/usr/local/bin:/Library/Frameworks/Python.framework/Versions/2.7/bin:/Library/Frameworks/GDAL.framework/Programs:/usr/local/heroku/bin:/Applications/Postgres.app/Contents/Versions/latest/bin:/usr/local/git/bin:/usr/local/opt/sqlite/bin:/usr/local/bin:/usr/bin:/bin:/usr/sbin:/sbin:/opt/X11/bin:/usr/local/git/bin:/usr/local/go/bin:/Applications/retriever.app/Contents/MacOS:/usr/texbin:/Users/sacmac/go/bin:/Library/TeX/Distributions/.DefaultTeX/Contents/Programs/texbin:/usr/local/opt/go/libexec/bin
19 verbose lifecycle node-sass@3.4.2~install: CWD: /Users/sacmac/github/sac/talks/datmeetup/node_modules/grunt-sass/node_modules/node-sass
20 silly lifecycle node-sass@3.4.2~install: Args: [ '-c', 'node scripts/install.js' ]
21 silly lifecycle node-sass@3.4.2~install: Returned: code: 0  signal: null
22 info lifecycle node-sass@3.4.2~postinstall: node-sass@3.4.2
23 verbose lifecycle node-sass@3.4.2~postinstall: unsafe-perm in lifecycle true
24 verbose lifecycle node-sass@3.4.2~postinstall: PATH: /usr/local/lib/node_modules/npm/bin/node-gyp-bin:/Users/sacmac/github/sac/talks/datmeetup/node_modules/grunt-sass/node_modules/node-sass/node_modules/.bin:/Users/sacmac/github/sac/talks/datmeetup/node_modules/grunt-sass/node_modules/.bin:/Users/sacmac/github/sac/talks/datmeetup/node_modules/.bin:/usr/local/bin:/Library/Frameworks/Python.framework/Versions/2.7/bin:/Library/Frameworks/GDAL.framework/Programs:/usr/local/heroku/bin:/Applications/Postgres.app/Contents/Versions/latest/bin:/usr/local/git/bin:/usr/local/opt/sqlite/bin:/usr/local/bin:/usr/bin:/bin:/usr/sbin:/sbin:/opt/X11/bin:/usr/local/git/bin:/usr/local/go/bin:/Applications/retriever.app/Contents/MacOS:/usr/texbin:/Users/sacmac/go/bin:/Library/TeX/Distributions/.DefaultTeX/Contents/Programs/texbin:/usr/local/opt/go/libexec/bin
25 verbose lifecycle node-sass@3.4.2~postinstall: CWD: /Users/sacmac/github/sac/talks/datmeetup/node_modules/grunt-sass/node_modules/node-sass
26 silly lifecycle node-sass@3.4.2~postinstall: Args: [ '-c', 'node scripts/build.js' ]
27 silly lifecycle node-sass@3.4.2~postinstall: Returned: code: 1  signal: null
28 info lifecycle node-sass@3.4.2~postinstall: Failed to exec postinstall script
29 verbose stack Error: node-sass@3.4.2 postinstall: `node scripts/build.js`
29 verbose stack Exit status 1
29 verbose stack     at EventEmitter.<anonymous> (/usr/local/lib/node_modules/npm/lib/utils/lifecycle.js:242:16)
29 verbose stack     at emitTwo (events.js:106:13)
29 verbose stack     at EventEmitter.emit (events.js:191:7)
29 verbose stack     at ChildProcess.<anonymous> (/usr/local/lib/node_modules/npm/lib/utils/spawn.js:40:14)
29 verbose stack     at emitTwo (events.js:106:13)
29 verbose stack     at ChildProcess.emit (events.js:191:7)
29 verbose stack     at maybeClose (internal/child_process.js:877:16)
29 verbose stack     at Process.ChildProcess._handle.onexit (internal/child_process.js:226:5)
30 verbose pkgid node-sass@3.4.2
31 verbose cwd /Users/sacmac/github/sac/talks/datmeetup
32 error Darwin 16.1.0
33 error argv "/usr/local/bin/node" "/usr/local/bin/npm" "rebuild" "node-sass"
34 error node v6.6.0
35 error npm  v3.10.3
36 error code ELIFECYCLE
37 error node-sass@3.4.2 postinstall: `node scripts/build.js`
37 error Exit status 1
38 error Failed at the node-sass@3.4.2 postinstall script 'node scripts/build.js'.
38 error Make sure you have the latest version of node.js and npm installed.
38 error If you do, this is most likely a problem with the node-sass package,
38 error not with npm itself.
38 error Tell the author that this fails on your system:
38 error     node scripts/build.js
38 error You can get information on how to open an issue for this project with:
38 error     npm bugs node-sass
38 error Or if that isn't available, you can get their info via:
38 error     npm owner ls node-sass
38 error There is likely additional logging output above.
39 verbose exit [ 1, true ]
